2020-06-17 23:16:04,122 [Worker-4: Loading available Gradle versions] INFO  o.e.b.c.i.u.g.PublishedGradleVersions - Gradle version information cache is not available. Remote download required.
2020-06-17 23:18:47,065 [Worker-10: Creating project "Coding_Assignment"] INFO  o.e.m.c.i.l.LifecycleMappingFactory - Using org.eclipse.m2e.jdt.JarLifecycleMapping lifecycle mapping for MavenProject: Assignment:Coding_Assignment:0.0.1-SNAPSHOT @ /home/user/eclipse-workspace/Coding_Assignment/pom.xml.
2020-06-17 23:18:47,244 [Worker-10: Creating project "Coding_Assignment"] INFO  o.e.m.j.i.AbstractJavaProjectConfigurator - Adding source folder /Coding_Assignment/src/main/java
2020-06-17 23:18:47,246 [Worker-10: Creating project "Coding_Assignment"] INFO  o.e.m.j.i.AbstractJavaProjectConfigurator - Adding resource folder /Coding_Assignment/src/main/resources
2020-06-17 23:18:47,247 [Worker-10: Creating project "Coding_Assignment"] INFO  o.e.m.j.i.AbstractJavaProjectConfigurator - Adding source folder /Coding_Assignment/src/test/java
2020-06-17 23:18:47,247 [Worker-10: Creating project "Coding_Assignment"] INFO  o.e.m.j.i.AbstractJavaProjectConfigurator - Adding resource folder /Coding_Assignment/src/test/resources
2020-06-17 23:18:48,325 [Worker-8: Building] WARN  o.e.m.c.i.embedder.EclipseLogger - Using platform encoding (UTF-8 actually) to copy filtered resources, i.e. build is platform dependent!
2020-06-17 23:18:48,333 [Worker-8: Building] INFO  o.e.m.c.i.embedder.EclipseLogger - Copying 0 resource
2020-06-17 23:18:48,336 [Worker-8: Building] WARN  o.e.m.c.i.embedder.EclipseLogger - Using platform encoding (UTF-8 actually) to copy filtered resources, i.e. build is platform dependent!
2020-06-17 23:18:48,337 [Worker-8: Building] INFO  o.e.m.c.i.embedder.EclipseLogger - Copying 0 resource
2020-06-17 23:20:00,318 [Worker-6: Building] INFO  o.e.m.c.i.l.LifecycleMappingFactory - Using org.eclipse.m2e.jdt.JarLifecycleMapping lifecycle mapping for MavenProject: Assignment:Coding_Assignment:0.0.1-SNAPSHOT @ /home/user/eclipse-workspace/Coding_Assignment/pom.xml.
2020-06-17 23:20:01,133 [Worker-6: Building] WARN  o.e.m.c.i.embedder.EclipseLogger - Using platform encoding (UTF-8 actually) to copy filtered resources, i.e. build is platform dependent!
2020-06-17 23:20:01,136 [Worker-6: Building] INFO  o.e.m.c.i.embedder.EclipseLogger - Copying 0 resource
2020-06-17 23:20:01,140 [Worker-6: Building] WARN  o.e.m.c.i.embedder.EclipseLogger - Using platform encoding (UTF-8 actually) to copy filtered resources, i.e. build is platform dependent!
2020-06-17 23:20:01,140 [Worker-6: Building] INFO  o.e.m.c.i.embedder.EclipseLogger - Copying 0 resource
2020-06-17 23:20:04,313 [Worker-4: Download sources and javadoc] INFO  o.e.m.c.i.e.AbstractTransferListenerAdapter - Downloading https://repo.maven.apache.org/maven2/org/apache/maven/plugins/maven-compiler-plugin/3.8.1/maven-compiler-plugin-3.8.1-sources.jar
2020-06-17 23:20:05,189 [Worker-4: Download sources and javadoc] INFO  o.e.m.c.i.e.AbstractTransferListenerAdapter - Downloaded https://repo.maven.apache.org/maven2/org/apache/maven/plugins/maven-compiler-plugin/3.8.1/maven-compiler-plugin-3.8.1-sources.jar
2020-06-17 23:20:05,232 [Worker-4: Download sources and javadoc] INFO  o.e.m.j.internal.DownloadSourcesJob - Downloaded sources for org.apache.maven.plugins:maven-compiler-plugin:3.8.1
2020-06-17 23:20:06,513 [Worker-4: Download sources and javadoc] INFO  o.e.m.c.i.e.AbstractTransferListenerAdapter - Downloading https://repo.maven.apache.org/maven2/org/apache/maven/maven-plugin-api/3.0/maven-plugin-api-3.0-sources.jar
2020-06-17 23:20:07,753 [Worker-4: Download sources and javadoc] INFO  o.e.m.c.i.e.AbstractTransferListenerAdapter - Downloaded https://repo.maven.apache.org/maven2/org/apache/maven/maven-plugin-api/3.0/maven-plugin-api-3.0-sources.jar
2020-06-17 23:20:07,784 [Worker-4: Download sources and javadoc] INFO  o.e.m.j.internal.DownloadSourcesJob - Downloaded sources for org.apache.maven:maven-plugin-api:3.0
2020-06-17 23:20:09,026 [Worker-4: Download sources and javadoc] INFO  o.e.m.c.i.e.AbstractTransferListenerAdapter - Downloading https://repo.maven.apache.org/maven2/org/apache/maven/maven-model/3.0/maven-model-3.0-sources.jar
2020-06-17 23:20:10,617 [Worker-4: Download sources and javadoc] INFO  o.e.m.c.i.e.AbstractTransferListenerAdapter - Downloaded https://repo.maven.apache.org/maven2/org/apache/maven/maven-model/3.0/maven-model-3.0-sources.jar
2020-06-17 23:20:10,639 [Worker-4: Download sources and javadoc] INFO  o.e.m.j.internal.DownloadSourcesJob - Downloaded sources for org.apache.maven:maven-model:3.0
2020-06-17 23:20:11,887 [Worker-4: Download sources and javadoc] INFO  o.e.m.c.i.e.AbstractTransferListenerAdapter - Downloading https://repo.maven.apache.org/maven2/org/sonatype/sisu/sisu-inject-plexus/1.4.2/sisu-inject-plexus-1.4.2-sources.jar
2020-06-17 23:20:13,527 [Worker-4: Download sources and javadoc] INFO  o.e.m.c.i.e.AbstractTransferListenerAdapter - Downloaded https://repo.maven.apache.org/maven2/org/sonatype/sisu/sisu-inject-plexus/1.4.2/sisu-inject-plexus-1.4.2-sources.jar
2020-06-17 23:20:13,570 [Worker-4: Download sources and javadoc] INFO  o.e.m.j.internal.DownloadSourcesJob - Downloaded sources for org.sonatype.sisu:sisu-inject-plexus:1.4.2
2020-06-17 23:20:14,854 [Worker-4: Download sources and javadoc] INFO  o.e.m.c.i.e.AbstractTransferListenerAdapter - Downloading https://repo.maven.apache.org/maven2/org/sonatype/sisu/sisu-inject-bean/1.4.2/sisu-inject-bean-1.4.2-sources.jar
2020-06-17 23:20:16,364 [Worker-4: Download sources and javadoc] INFO  o.e.m.c.i.e.AbstractTransferListenerAdapter - Downloaded https://repo.maven.apache.org/maven2/org/sonatype/sisu/sisu-inject-bean/1.4.2/sisu-inject-bean-1.4.2-sources.jar
2020-06-17 23:20:16,394 [Worker-4: Download sources and javadoc] INFO  o.e.m.j.internal.DownloadSourcesJob - Downloaded sources for org.sonatype.sisu:sisu-inject-bean:1.4.2
2020-06-17 23:20:17,731 [Worker-4: Download sources and javadoc] INFO  o.e.m.c.i.e.AbstractTransferListenerAdapter - Downloading https://repo.maven.apache.org/maven2/org/sonatype/sisu/sisu-guice/2.1.7/sisu-guice-2.1.7-sources.jar
2020-06-17 23:20:20,347 [Worker-4: Download sources and javadoc] INFO  o.e.m.c.i.e.AbstractTransferListenerAdapter - Downloaded https://repo.maven.apache.org/maven2/org/sonatype/sisu/sisu-guice/2.1.7/sisu-guice-2.1.7-sources.jar
2020-06-17 23:20:20,379 [Worker-4: Download sources and javadoc] INFO  o.e.m.j.internal.DownloadSourcesJob - Downloaded sources for org.sonatype.sisu:sisu-guice:2.1.7:noaop
2020-06-17 23:20:21,596 [Worker-4: Download sources and javadoc] INFO  o.e.m.c.i.e.AbstractTransferListenerAdapter - Downloading https://repo.maven.apache.org/maven2/org/apache/maven/maven-artifact/3.0/maven-artifact-3.0-sources.jar
2020-06-17 23:20:22,764 [Worker-4: Download sources and javadoc] INFO  o.e.m.c.i.e.AbstractTransferListenerAdapter - Downloaded https://repo.maven.apache.org/maven2/org/apache/maven/maven-artifact/3.0/maven-artifact-3.0-sources.jar
2020-06-17 23:20:22,794 [Worker-4: Download sources and javadoc] INFO  o.e.m.j.internal.DownloadSourcesJob - Downloaded sources for org.apache.maven:maven-artifact:3.0
2020-06-17 23:20:24,150 [Worker-4: Download sources and javadoc] INFO  o.e.m.c.i.e.AbstractTransferListenerAdapter - Downloading https://repo.maven.apache.org/maven2/org/codehaus/plexus/plexus-utils/2.0.4/plexus-utils-2.0.4-sources.jar
2020-06-17 23:20:26,965 [Worker-4: Download sources and javadoc] INFO  o.e.m.c.i.e.AbstractTransferListenerAdapter - Downloaded https://repo.maven.apache.org/maven2/org/codehaus/plexus/plexus-utils/2.0.4/plexus-utils-2.0.4-sources.jar
2020-06-17 23:20:27,003 [Worker-4: Download sources and javadoc] INFO  o.e.m.j.internal.DownloadSourcesJob - Downloaded sources for org.codehaus.plexus:plexus-utils:2.0.4
2020-06-17 23:20:28,217 [Worker-4: Download sources and javadoc] INFO  o.e.m.c.i.e.AbstractTransferListenerAdapter - Downloading https://repo.maven.apache.org/maven2/org/apache/maven/maven-core/3.0/maven-core-3.0-sources.jar
2020-06-17 23:20:29,998 [Worker-4: Download sources and javadoc] INFO  o.e.m.c.i.e.AbstractTransferListenerAdapter - Downloaded https://repo.maven.apache.org/maven2/org/apache/maven/maven-core/3.0/maven-core-3.0-sources.jar
2020-06-17 23:20:30,022 [Worker-4: Download sources and javadoc] INFO  o.e.m.j.internal.DownloadSourcesJob - Downloaded sources for org.apache.maven:maven-core:3.0
2020-06-17 23:20:31,239 [Worker-4: Download sources and javadoc] INFO  o.e.m.c.i.e.AbstractTransferListenerAdapter - Downloading https://repo.maven.apache.org/maven2/org/apache/maven/maven-settings/3.0/maven-settings-3.0-sources.jar
2020-06-17 23:20:32,154 [Worker-4: Download sources and javadoc] INFO  o.e.m.c.i.e.AbstractTransferListenerAdapter - Downloaded https://repo.maven.apache.org/maven2/org/apache/maven/maven-settings/3.0/maven-settings-3.0-sources.jar
2020-06-17 23:20:32,185 [Worker-4: Download sources and javadoc] INFO  o.e.m.j.internal.DownloadSourcesJob - Downloaded sources for org.apache.maven:maven-settings:3.0
2020-06-17 23:20:33,475 [Worker-4: Download sources and javadoc] INFO  o.e.m.c.i.e.AbstractTransferListenerAdapter - Downloading https://repo.maven.apache.org/maven2/org/apache/maven/maven-settings-builder/3.0/maven-settings-builder-3.0-sources.jar
2020-06-17 23:20:34,131 [Worker-10: Loading pom.xml] ERROR o.e.m.c.embedder.MavenModelManager - Project read error
org.eclipse.aether.collection.DependencyCollectionException: Failed to collect dependencies at org.seleniumhq.selenium:selenium-java:jar:4.0.0-alpha-5 -> org.seleniumhq.selenium:selenium-chrome-driver:jar:4.0.0-alpha-5 -> com.google.auto.service:auto-service:jar:1.0-rc6 -> com.google.guava:guava:jar:27.0.1-jre
	at org.eclipse.aether.internal.impl.collect.DefaultDependencyCollector.collectDependencies(DefaultDependencyCollector.java:291) ~[maven-resolver-impl-1.4.1.jar:1.4.1]
	at org.eclipse.aether.internal.impl.DefaultRepositorySystem.collectDependencies(DefaultRepositorySystem.java:284) ~[maven-resolver-impl-1.4.1.jar:1.4.1]
	at org.eclipse.m2e.core.embedder.MavenModelManager.readDependencyTree(MavenModelManager.java:228) ~[na:na]
	at org.eclipse.m2e.core.embedder.MavenModelManager.lambda$0(MavenModelManager.java:187) ~[na:na]
	at org.eclipse.m2e.core.internal.embedder.MavenExecutionContext.executeBare(MavenExecutionContext.java:179) ~[na:na]
	at org.eclipse.m2e.core.internal.embedder.MavenExecutionContext.execute(MavenExecutionContext.java:114) ~[na:na]
	at org.eclipse.m2e.core.internal.project.registry.MavenProjectManager.lambda$0(MavenProjectManager.java:123) ~[na:na]
	at org.eclipse.m2e.core.internal.embedder.MavenExecutionContext.executeBare(MavenExecutionContext.java:179) ~[na:na]
	at org.eclipse.m2e.core.internal.embedder.MavenExecutionContext.execute(MavenExecutionContext.java:153) ~[na:na]
	at org.eclipse.m2e.core.internal.embedder.MavenExecutionContext.execute(MavenExecutionContext.java:101) ~[na:na]
	at org.eclipse.m2e.core.internal.project.registry.MavenProjectManager.execute(MavenProjectManager.java:123) ~[na:na]
	at org.eclipse.m2e.core.embedder.MavenModelManager.readDependencyTree(MavenModelManager.java:189) ~[na:na]
	at org.eclipse.m2e.editor.pom.MavenPomEditor.readDependencyTree(MavenPomEditor.java:589) ~[na:na]
	at org.eclipse.m2e.editor.pom.DependencyTreePage$1.run(DependencyTreePage.java:224) ~[na:na]
	at org.eclipse.core.internal.jobs.Worker.run(Worker.java:63) ~[org.eclipse.core.jobs_3.10.800.v20200421-0950.jar:na]
Caused by: org.eclipse.aether.resolution.ArtifactDescriptorException: Failed to read artifact descriptor for com.google.guava:guava:jar:27.0.1-jre
	at org.apache.maven.repository.internal.DefaultArtifactDescriptorReader.loadPom(DefaultArtifactDescriptorReader.java:255) ~[maven-resolver-provider-3.6.3.jar:3.6.3]
	at org.apache.maven.repository.internal.DefaultArtifactDescriptorReader.readArtifactDescriptor(DefaultArtifactDescriptorReader.java:171) ~[maven-resolver-provider-3.6.3.jar:3.6.3]
	at org.eclipse.aether.internal.impl.collect.DefaultDependencyCollector.resolveCachedArtifactDescriptor(DefaultDependencyCollector.java:541) ~[maven-resolver-impl-1.4.1.jar:1.4.1]
	at org.eclipse.aether.internal.impl.collect.DefaultDependencyCollector.getArtifactDescriptorResult(DefaultDependencyCollector.java:524) ~[maven-resolver-impl-1.4.1.jar:1.4.1]
	at org.eclipse.aether.internal.impl.collect.DefaultDependencyCollector.processDependency(DefaultDependencyCollector.java:412) ~[maven-resolver-impl-1.4.1.jar:1.4.1]
	at org.eclipse.aether.internal.impl.collect.DefaultDependencyCollector.processDependency(DefaultDependencyCollector.java:365) ~[maven-resolver-impl-1.4.1.jar:1.4.1]
	at org.eclipse.aether.internal.impl.collect.DefaultDependencyCollector.process(DefaultDependencyCollector.java:352) ~[maven-resolver-impl-1.4.1.jar:1.4.1]
	at org.eclipse.aether.internal.impl.collect.DefaultDependencyCollector.doRecurse(DefaultDependencyCollector.java:509) ~[maven-resolver-impl-1.4.1.jar:1.4.1]
	at org.eclipse.aether.internal.impl.collect.DefaultDependencyCollector.processDependency(DefaultDependencyCollector.java:461) ~[maven-resolver-impl-1.4.1.jar:1.4.1]
	at org.eclipse.aether.internal.impl.collect.DefaultDependencyCollector.processDependency(DefaultDependencyCollector.java:365) ~[maven-resolver-impl-1.4.1.jar:1.4.1]
	at org.eclipse.aether.internal.impl.collect.DefaultDependencyCollector.process(DefaultDependencyCollector.java:352) ~[maven-resolver-impl-1.4.1.jar:1.4.1]
	at org.eclipse.aether.internal.impl.collect.DefaultDependencyCollector.doRecurse(DefaultDependencyCollector.java:509) ~[maven-resolver-impl-1.4.1.jar:1.4.1]
	at org.eclipse.aether.internal.impl.collect.DefaultDependencyCollector.processDependency(DefaultDependencyCollector.java:461) ~[maven-resolver-impl-1.4.1.jar:1.4.1]
	at org.eclipse.aether.internal.impl.collect.DefaultDependencyCollector.processDependency(DefaultDependencyCollector.java:365) ~[maven-resolver-impl-1.4.1.jar:1.4.1]
	at org.eclipse.aether.internal.impl.collect.DefaultDependencyCollector.process(DefaultDependencyCollector.java:352) ~[maven-resolver-impl-1.4.1.jar:1.4.1]
	at org.eclipse.aether.internal.impl.collect.DefaultDependencyCollector.doRecurse(DefaultDependencyCollector.java:509) ~[maven-resolver-impl-1.4.1.jar:1.4.1]
	at org.eclipse.aether.internal.impl.collect.DefaultDependencyCollector.processDependency(DefaultDependencyCollector.java:461) ~[maven-resolver-impl-1.4.1.jar:1.4.1]
	at org.eclipse.aether.internal.impl.collect.DefaultDependencyCollector.processDependency(DefaultDependencyCollector.java:365) ~[maven-resolver-impl-1.4.1.jar:1.4.1]
	at org.eclipse.aether.internal.impl.collect.DefaultDependencyCollector.process(DefaultDependencyCollector.java:352) ~[maven-resolver-impl-1.4.1.jar:1.4.1]
	at org.eclipse.aether.internal.impl.collect.DefaultDependencyCollector.collectDependencies(DefaultDependencyCollector.java:254) ~[maven-resolver-impl-1.4.1.jar:1.4.1]
	... 14 common frames omitted
Caused by: org.eclipse.aether.resolution.ArtifactResolutionException: Failure to transfer com.google.guava:guava:pom:27.0.1-jre from https://repo.maven.apache.org/maven2 was cached in the local repository, resolution will not be reattempted until the update interval of central has elapsed or updates are forced. Original error: Could not transfer artifact com.google.guava:guava:pom:27.0.1-jre from/to central (https://repo.maven.apache.org/maven2): Transfer failed for https://repo.maven.apache.org/maven2/com/google/guava/guava/27.0.1-jre/guava-27.0.1-jre.pom
	at org.eclipse.aether.internal.impl.DefaultArtifactResolver.resolve(DefaultArtifactResolver.java:424) ~[maven-resolver-impl-1.4.1.jar:1.4.1]
	at org.eclipse.aether.internal.impl.DefaultArtifactResolver.resolveArtifacts(DefaultArtifactResolver.java:229) ~[maven-resolver-impl-1.4.1.jar:1.4.1]
	at org.eclipse.aether.internal.impl.DefaultArtifactResolver.resolveArtifact(DefaultArtifactResolver.java:207) ~[maven-resolver-impl-1.4.1.jar:1.4.1]
	at org.apache.maven.repository.internal.DefaultArtifactDescriptorReader.loadPom(DefaultArtifactDescriptorReader.java:240) ~[maven-resolver-provider-3.6.3.jar:3.6.3]
	... 33 common frames omitted
Caused by: org.eclipse.aether.transfer.ArtifactTransferException: Failure to transfer com.google.guava:guava:pom:27.0.1-jre from https://repo.maven.apache.org/maven2 was cached in the local repository, resolution will not be reattempted until the update interval of central has elapsed or updates are forced. Original error: Could not transfer artifact com.google.guava:guava:pom:27.0.1-jre from/to central (https://repo.maven.apache.org/maven2): Transfer failed for https://repo.maven.apache.org/maven2/com/google/guava/guava/27.0.1-jre/guava-27.0.1-jre.pom
	at org.eclipse.aether.internal.impl.DefaultUpdateCheckManager.newException(DefaultUpdateCheckManager.java:225) ~[maven-resolver-impl-1.4.1.jar:1.4.1]
	at org.eclipse.aether.internal.impl.DefaultUpdateCheckManager.checkArtifact(DefaultUpdateCheckManager.java:193) ~[maven-resolver-impl-1.4.1.jar:1.4.1]
	at org.eclipse.aether.internal.impl.DefaultArtifactResolver.gatherDownloads(DefaultArtifactResolver.java:559) ~[maven-resolver-impl-1.4.1.jar:1.4.1]
	at org.eclipse.aether.internal.impl.DefaultArtifactResolver.performDownloads(DefaultArtifactResolver.java:483) ~[maven-resolver-impl-1.4.1.jar:1.4.1]
	at org.eclipse.aether.internal.impl.DefaultArtifactResolver.resolve(DefaultArtifactResolver.java:401) ~[maven-resolver-impl-1.4.1.jar:1.4.1]
	... 36 common frames omitted
2020-06-17 23:20:34,135 [Worker-10: Loading pom.xml] ERROR o.e.m.editor.pom.DependencyTreePage - Project read error
org.eclipse.core.runtime.CoreException: Project read error
	at org.eclipse.m2e.core.embedder.MavenModelManager.readDependencyTree(MavenModelManager.java:232) ~[na:na]
	at org.eclipse.m2e.core.embedder.MavenModelManager.lambda$0(MavenModelManager.java:187) ~[na:na]
	at org.eclipse.m2e.core.internal.embedder.MavenExecutionContext.executeBare(MavenExecutionContext.java:179) ~[na:na]
	at org.eclipse.m2e.core.internal.embedder.MavenExecutionContext.execute(MavenExecutionContext.java:114) ~[na:na]
	at org.eclipse.m2e.core.internal.project.registry.MavenProjectManager.lambda$0(MavenProjectManager.java:123) ~[na:na]
	at org.eclipse.m2e.core.internal.embedder.MavenExecutionContext.executeBare(MavenExecutionContext.java:179) ~[na:na]
	at org.eclipse.m2e.core.internal.embedder.MavenExecutionContext.execute(MavenExecutionContext.java:153) ~[na:na]
	at org.eclipse.m2e.core.internal.embedder.MavenExecutionContext.execute(MavenExecutionContext.java:101) ~[na:na]
	at org.eclipse.m2e.core.internal.project.registry.MavenProjectManager.execute(MavenProjectManager.java:123) ~[na:na]
	at org.eclipse.m2e.core.embedder.MavenModelManager.readDependencyTree(MavenModelManager.java:189) ~[na:na]
	at org.eclipse.m2e.editor.pom.MavenPomEditor.readDependencyTree(MavenPomEditor.java:589) ~[na:na]
	at org.eclipse.m2e.editor.pom.DependencyTreePage$1.run(DependencyTreePage.java:224) ~[na:na]
	at org.eclipse.core.internal.jobs.Worker.run(Worker.java:63) ~[org.eclipse.core.jobs_3.10.800.v20200421-0950.jar:na]
Caused by: org.eclipse.aether.collection.DependencyCollectionException: Failed to collect dependencies at org.seleniumhq.selenium:selenium-java:jar:4.0.0-alpha-5 -> org.seleniumhq.selenium:selenium-chrome-driver:jar:4.0.0-alpha-5 -> com.google.auto.service:auto-service:jar:1.0-rc6 -> com.google.guava:guava:jar:27.0.1-jre
	at org.eclipse.aether.internal.impl.collect.DefaultDependencyCollector.collectDependencies(DefaultDependencyCollector.java:291) ~[na:na]
	at org.eclipse.aether.internal.impl.DefaultRepositorySystem.collectDependencies(DefaultRepositorySystem.java:284) ~[na:na]
	at org.eclipse.m2e.core.embedder.MavenModelManager.readDependencyTree(MavenModelManager.java:228) ~[na:na]
	... 12 common frames omitted
Caused by: org.eclipse.aether.resolution.ArtifactDescriptorException: Failed to read artifact descriptor for com.google.guava:guava:jar:27.0.1-jre
	at org.apache.maven.repository.internal.DefaultArtifactDescriptorReader.loadPom(DefaultArtifactDescriptorReader.java:255) ~[na:na]
	at org.apache.maven.repository.internal.DefaultArtifactDescriptorReader.readArtifactDescriptor(DefaultArtifactDescriptorReader.java:171) ~[na:na]
	at org.eclipse.aether.internal.impl.collect.DefaultDependencyCollector.resolveCachedArtifactDescriptor(DefaultDependencyCollector.java:541) ~[na:na]
	at org.eclipse.aether.internal.impl.collect.DefaultDependencyCollector.getArtifactDescriptorResult(DefaultDependencyCollector.java:524) ~[na:na]
	at org.eclipse.aether.internal.impl.collect.DefaultDependencyCollector.processDependency(DefaultDependencyCollector.java:412) ~[na:na]
	at org.eclipse.aether.internal.impl.collect.DefaultDependencyCollector.processDependency(DefaultDependencyCollector.java:365) ~[na:na]
	at org.eclipse.aether.internal.impl.collect.DefaultDependencyCollector.process(DefaultDependencyCollector.java:352) ~[na:na]
	at org.eclipse.aether.internal.impl.collect.DefaultDependencyCollector.doRecurse(DefaultDependencyCollector.java:509) ~[na:na]
	at org.eclipse.aether.internal.impl.collect.DefaultDependencyCollector.processDependency(DefaultDependencyCollector.java:461) ~[na:na]
	at org.eclipse.aether.internal.impl.collect.DefaultDependencyCollector.processDependency(DefaultDependencyCollector.java:365) ~[na:na]
	at org.eclipse.aether.internal.impl.collect.DefaultDependencyCollector.process(DefaultDependencyCollector.java:352) ~[na:na]
	at org.eclipse.aether.internal.impl.collect.DefaultDependencyCollector.doRecurse(DefaultDependencyCollector.java:509) ~[na:na]
	at org.eclipse.aether.internal.impl.collect.DefaultDependencyCollector.processDependency(DefaultDependencyCollector.java:461) ~[na:na]
	at org.eclipse.aether.internal.impl.collect.DefaultDependencyCollector.processDependency(DefaultDependencyCollector.java:365) ~[na:na]
	at org.eclipse.aether.internal.impl.collect.DefaultDependencyCollector.process(DefaultDependencyCollector.java:352) ~[na:na]
	at org.eclipse.aether.internal.impl.collect.DefaultDependencyCollector.doRecurse(DefaultDependencyCollector.java:509) ~[na:na]
	at org.eclipse.aether.internal.impl.collect.DefaultDependencyCollector.processDependency(DefaultDependencyCollector.java:461) ~[na:na]
	at org.eclipse.aether.internal.impl.collect.DefaultDependencyCollector.processDependency(DefaultDependencyCollector.java:365) ~[na:na]
	at org.eclipse.aether.internal.impl.collect.DefaultDependencyCollector.process(DefaultDependencyCollector.java:352) ~[na:na]
	at org.eclipse.aether.internal.impl.collect.DefaultDependencyCollector.collectDependencies(DefaultDependencyCollector.java:254) ~[na:na]
	... 14 common frames omitted
Caused by: org.eclipse.aether.resolution.ArtifactResolutionException: Failure to transfer com.google.guava:guava:pom:27.0.1-jre from https://repo.maven.apache.org/maven2 was cached in the local repository, resolution will not be reattempted until the update interval of central has elapsed or updates are forced. Original error: Could not transfer artifact com.google.guava:guava:pom:27.0.1-jre from/to central (https://repo.maven.apache.org/maven2): Transfer failed for https://repo.maven.apache.org/maven2/com/google/guava/guava/27.0.1-jre/guava-27.0.1-jre.pom
	at org.eclipse.aether.internal.impl.DefaultArtifactResolver.resolve(DefaultArtifactResolver.java:424) ~[na:na]
	at org.eclipse.aether.internal.impl.DefaultArtifactResolver.resolveArtifacts(DefaultArtifactResolver.java:229) ~[na:na]
	at org.eclipse.aether.internal.impl.DefaultArtifactResolver.resolveArtifact(DefaultArtifactResolver.java:207) ~[na:na]
	at org.apache.maven.repository.internal.DefaultArtifactDescriptorReader.loadPom(DefaultArtifactDescriptorReader.java:240) ~[na:na]
	... 33 common frames omitted
Caused by: org.eclipse.aether.transfer.ArtifactTransferException: Failure to transfer com.google.guava:guava:pom:27.0.1-jre from https://repo.maven.apache.org/maven2 was cached in the local repository, resolution will not be reattempted until the update interval of central has elapsed or updates are forced. Original error: Could not transfer artifact com.google.guava:guava:pom:27.0.1-jre from/to central (https://repo.maven.apache.org/maven2): Transfer failed for https://repo.maven.apache.org/maven2/com/google/guava/guava/27.0.1-jre/guava-27.0.1-jre.pom
	at org.eclipse.aether.internal.impl.DefaultUpdateCheckManager.newException(DefaultUpdateCheckManager.java:225) ~[na:na]
	at org.eclipse.aether.internal.impl.DefaultUpdateCheckManager.checkArtifact(DefaultUpdateCheckManager.java:193) ~[na:na]
	at org.eclipse.aether.internal.impl.DefaultArtifactResolver.gatherDownloads(DefaultArtifactResolver.java:559) ~[na:na]
	at org.eclipse.aether.internal.impl.DefaultArtifactResolver.performDownloads(DefaultArtifactResolver.java:483) ~[na:na]
	at org.eclipse.aether.internal.impl.DefaultArtifactResolver.resolve(DefaultArtifactResolver.java:401) ~[na:na]
	... 36 common frames omitted
2020-06-17 23:20:34,693 [Worker-4: Download sources and javadoc] INFO  o.e.m.c.i.e.AbstractTransferListenerAdapter - Downloaded https://repo.maven.apache.org/maven2/org/apache/maven/maven-settings-builder/3.0/maven-settings-builder-3.0-sources.jar
2020-06-17 23:20:34,718 [Worker-4: Download sources and javadoc] INFO  o.e.m.j.internal.DownloadSourcesJob - Downloaded sources for org.apache.maven:maven-settings-builder:3.0
2020-06-17 23:20:36,108 [Worker-4: Download sources and javadoc] INFO  o.e.m.c.i.e.AbstractTransferListenerAdapter - Downloading https://repo.maven.apache.org/maven2/org/apache/maven/maven-repository-metadata/3.0/maven-repository-metadata-3.0-sources.jar
2020-06-17 23:20:36,832 [Worker-4: Download sources and javadoc] INFO  o.e.m.c.i.e.AbstractTransferListenerAdapter - Downloaded https://repo.maven.apache.org/maven2/org/apache/maven/maven-repository-metadata/3.0/maven-repository-metadata-3.0-sources.jar
2020-06-17 23:20:36,859 [Worker-4: Download sources and javadoc] INFO  o.e.m.j.internal.DownloadSourcesJob - Downloaded sources for org.apache.maven:maven-repository-metadata:3.0
2020-06-17 23:20:38,212 [Worker-4: Download sources and javadoc] INFO  o.e.m.c.i.e.AbstractTransferListenerAdapter - Downloading https://repo.maven.apache.org/maven2/org/apache/maven/maven-model-builder/3.0/maven-model-builder-3.0-sources.jar
2020-06-17 23:20:39,922 [Worker-4: Download sources and javadoc] INFO  o.e.m.c.i.e.AbstractTransferListenerAdapter - Downloaded https://repo.maven.apache.org/maven2/org/apache/maven/maven-model-builder/3.0/maven-model-builder-3.0-sources.jar
2020-06-17 23:20:39,948 [Worker-4: Download sources and javadoc] INFO  o.e.m.j.internal.DownloadSourcesJob - Downloaded sources for org.apache.maven:maven-model-builder:3.0
2020-06-17 23:20:41,291 [Worker-4: Download sources and javadoc] INFO  o.e.m.c.i.e.AbstractTransferListenerAdapter - Downloading https://repo.maven.apache.org/maven2/org/apache/maven/maven-aether-provider/3.0/maven-aether-provider-3.0-sources.jar
2020-06-17 23:20:42,487 [Worker-4: Download sources and javadoc] INFO  o.e.m.c.i.e.AbstractTransferListenerAdapter - Downloaded https://repo.maven.apache.org/maven2/org/apache/maven/maven-aether-provider/3.0/maven-aether-provider-3.0-sources.jar
2020-06-17 23:20:42,513 [Worker-4: Download sources and javadoc] INFO  o.e.m.j.internal.DownloadSourcesJob - Downloaded sources for org.apache.maven:maven-aether-provider:3.0
2020-06-17 23:20:44,447 [Worker-4: Download sources and javadoc] INFO  o.e.m.c.i.e.AbstractTransferListenerAdapter - Downloading https://repo.maven.apache.org/maven2/org/sonatype/aether/aether-impl/1.7/aether-impl-1.7-sources.jar
2020-06-17 23:20:45,846 [Worker-4: Download sources and javadoc] INFO  o.e.m.c.i.e.AbstractTransferListenerAdapter - Downloaded https://repo.maven.apache.org/maven2/org/sonatype/aether/aether-impl/1.7/aether-impl-1.7-sources.jar
2020-06-17 23:20:45,885 [Worker-4: Download sources and javadoc] INFO  o.e.m.j.internal.DownloadSourcesJob - Downloaded sources for org.sonatype.aether:aether-impl:1.7
2020-06-17 23:20:47,296 [Worker-4: Download sources and javadoc] INFO  o.e.m.c.i.e.AbstractTransferListenerAdapter - Downloading https://repo.maven.apache.org/maven2/org/sonatype/aether/aether-spi/1.7/aether-spi-1.7-sources.jar
2020-06-17 23:20:48,565 [Worker-4: Download sources and javadoc] INFO  o.e.m.c.i.e.AbstractTransferListenerAdapter - Downloaded https://repo.maven.apache.org/maven2/org/sonatype/aether/aether-spi/1.7/aether-spi-1.7-sources.jar
2020-06-17 23:20:48,594 [Worker-4: Download sources and javadoc] INFO  o.e.m.j.internal.DownloadSourcesJob - Downloaded sources for org.sonatype.aether:aether-spi:1.7
2020-06-17 23:20:50,048 [Worker-4: Download sources and javadoc] INFO  o.e.m.c.i.e.AbstractTransferListenerAdapter - Downloading https://repo.maven.apache.org/maven2/org/sonatype/aether/aether-api/1.7/aether-api-1.7-sources.jar
2020-06-17 23:20:51,843 [Worker-4: Download sources and javadoc] INFO  o.e.m.c.i.e.AbstractTransferListenerAdapter - Downloaded https://repo.maven.apache.org/maven2/org/sonatype/aether/aether-api/1.7/aether-api-1.7-sources.jar
2020-06-17 23:20:51,874 [Worker-4: Download sources and javadoc] INFO  o.e.m.j.internal.DownloadSourcesJob - Downloaded sources for org.sonatype.aether:aether-api:1.7
2020-06-17 23:20:53,301 [Worker-4: Download sources and javadoc] INFO  o.e.m.c.i.e.AbstractTransferListenerAdapter - Downloading https://repo.maven.apache.org/maven2/org/sonatype/aether/aether-util/1.7/aether-util-1.7-sources.jar
2020-06-17 23:20:55,054 [Worker-4: Download sources and javadoc] INFO  o.e.m.c.i.e.AbstractTransferListenerAdapter - Downloaded https://repo.maven.apache.org/maven2/org/sonatype/aether/aether-util/1.7/aether-util-1.7-sources.jar
2020-06-17 23:20:55,080 [Worker-4: Download sources and javadoc] INFO  o.e.m.j.internal.DownloadSourcesJob - Downloaded sources for org.sonatype.aether:aether-util:1.7
2020-06-17 23:20:56,511 [Worker-4: Download sources and javadoc] INFO  o.e.m.c.i.e.AbstractTransferListenerAdapter - Downloading https://repo.maven.apache.org/maven2/org/codehaus/plexus/plexus-interpolation/1.14/plexus-interpolation-1.14-sources.jar
2020-06-17 23:20:58,037 [Worker-4: Download sources and javadoc] INFO  o.e.m.c.i.e.AbstractTransferListenerAdapter - Downloaded https://repo.maven.apache.org/maven2/org/codehaus/plexus/plexus-interpolation/1.14/plexus-interpolation-1.14-sources.jar
2020-06-17 23:20:58,059 [Worker-4: Download sources and javadoc] INFO  o.e.m.j.internal.DownloadSourcesJob - Downloaded sources for org.codehaus.plexus:plexus-interpolation:1.14
2020-06-17 23:20:59,498 [Worker-4: Download sources and javadoc] INFO  o.e.m.c.i.e.AbstractTransferListenerAdapter - Downloading https://repo.maven.apache.org/maven2/org/codehaus/plexus/plexus-classworlds/2.2.3/plexus-classworlds-2.2.3-sources.jar
2020-06-17 23:21:02,452 [Worker-4: Download sources and javadoc] INFO  o.e.m.c.i.e.AbstractTransferListenerAdapter - Downloaded https://repo.maven.apache.org/maven2/org/codehaus/plexus/plexus-classworlds/2.2.3/plexus-classworlds-2.2.3-sources.jar
2020-06-17 23:21:02,476 [Worker-4: Download sources and javadoc] INFO  o.e.m.j.internal.DownloadSourcesJob - Downloaded sources for org.codehaus.plexus:plexus-classworlds:2.2.3
2020-06-17 23:21:03,794 [Worker-4: Download sources and javadoc] INFO  o.e.m.c.i.e.AbstractTransferListenerAdapter - Downloading https://repo.maven.apache.org/maven2/org/codehaus/plexus/plexus-component-annotations/1.5.5/plexus-component-annotations-1.5.5-sources.jar
2020-06-17 23:21:04,437 [Worker-4: Download sources and javadoc] INFO  o.e.m.c.i.e.AbstractTransferListenerAdapter - Downloaded https://repo.maven.apache.org/maven2/org/codehaus/plexus/plexus-component-annotations/1.5.5/plexus-component-annotations-1.5.5-sources.jar
2020-06-17 23:21:04,462 [Worker-4: Download sources and javadoc] INFO  o.e.m.j.internal.DownloadSourcesJob - Downloaded sources for org.codehaus.plexus:plexus-component-annotations:1.5.5
2020-06-17 23:21:05,908 [Worker-4: Download sources and javadoc] INFO  o.e.m.c.i.e.AbstractTransferListenerAdapter - Downloading https://repo.maven.apache.org/maven2/org/sonatype/plexus/plexus-sec-dispatcher/1.3/plexus-sec-dispatcher-1.3-sources.jar
2020-06-17 23:21:06,937 [Worker-4: Download sources and javadoc] INFO  o.e.m.c.i.e.AbstractTransferListenerAdapter - Downloaded https://repo.maven.apache.org/maven2/org/sonatype/plexus/plexus-sec-dispatcher/1.3/plexus-sec-dispatcher-1.3-sources.jar
2020-06-17 23:21:07,447 [Worker-4: Download sources and javadoc] INFO  o.e.m.j.internal.DownloadSourcesJob - Downloaded sources for org.sonatype.plexus:plexus-sec-dispatcher:1.3
2020-06-17 23:21:08,417 [Worker-0: Building] WARN  o.e.m.c.i.embedder.EclipseLogger - Using platform encoding (UTF-8 actually) to copy filtered resources, i.e. build is platform dependent!
2020-06-17 23:21:08,418 [Worker-0: Building] INFO  o.e.m.c.i.embedder.EclipseLogger - Copying 0 resource
2020-06-17 23:21:08,421 [Worker-0: Building] WARN  o.e.m.c.i.embedder.EclipseLogger - Using platform encoding (UTF-8 actually) to copy filtered resources, i.e. build is platform dependent!
2020-06-17 23:21:08,421 [Worker-0: Building] INFO  o.e.m.c.i.embedder.EclipseLogger - Copying 0 resource
2020-06-17 23:21:09,553 [Worker-4: Download sources and javadoc] INFO  o.e.m.c.i.e.AbstractTransferListenerAdapter - Downloading https://repo.maven.apache.org/maven2/org/sonatype/plexus/plexus-cipher/1.4/plexus-cipher-1.4-sources.jar
2020-06-17 23:21:10,204 [Worker-4: Download sources and javadoc] INFO  o.e.m.c.i.e.AbstractTransferListenerAdapter - Downloaded https://repo.maven.apache.org/maven2/org/sonatype/plexus/plexus-cipher/1.4/plexus-cipher-1.4-sources.jar
2020-06-17 23:21:10,226 [Worker-4: Download sources and javadoc] INFO  o.e.m.j.internal.DownloadSourcesJob - Downloaded sources for org.sonatype.plexus:plexus-cipher:1.4
2020-06-17 23:21:11,609 [Worker-4: Download sources and javadoc] INFO  o.e.m.c.i.e.AbstractTransferListenerAdapter - Downloading https://repo.maven.apache.org/maven2/org/apache/maven/shared/maven-shared-utils/3.2.1/maven-shared-utils-3.2.1-sources.jar
2020-06-17 23:21:13,287 [Worker-4: Download sources and javadoc] INFO  o.e.m.c.i.e.AbstractTransferListenerAdapter - Downloaded https://repo.maven.apache.org/maven2/org/apache/maven/shared/maven-shared-utils/3.2.1/maven-shared-utils-3.2.1-sources.jar
2020-06-17 23:21:13,314 [Worker-4: Download sources and javadoc] INFO  o.e.m.j.internal.DownloadSourcesJob - Downloaded sources for org.apache.maven.shared:maven-shared-utils:3.2.1
2020-06-17 23:21:14,591 [Worker-4: Download sources and javadoc] INFO  o.e.m.c.i.e.AbstractTransferListenerAdapter - Downloading https://repo.maven.apache.org/maven2/commons-io/commons-io/2.5/commons-io-2.5-sources.jar
2020-06-17 23:21:16,564 [Worker-4: Download sources and javadoc] INFO  o.e.m.c.i.e.AbstractTransferListenerAdapter - Downloaded https://repo.maven.apache.org/maven2/commons-io/commons-io/2.5/commons-io-2.5-sources.jar
2020-06-17 23:21:16,622 [Worker-4: Download sources and javadoc] INFO  o.e.m.j.internal.DownloadSourcesJob - Downloaded sources for commons-io:commons-io:2.5
2020-06-17 23:21:17,975 [Worker-4: Download sources and javadoc] INFO  o.e.m.c.i.e.AbstractTransferListenerAdapter - Downloading https://repo.maven.apache.org/maven2/org/apache/maven/shared/maven-shared-incremental/1.1/maven-shared-incremental-1.1-sources.jar
2020-06-17 23:21:18,634 [Worker-4: Download sources and javadoc] INFO  o.e.m.c.i.e.AbstractTransferListenerAdapter - Downloaded https://repo.maven.apache.org/maven2/org/apache/maven/shared/maven-shared-incremental/1.1/maven-shared-incremental-1.1-sources.jar
2020-06-17 23:21:18,660 [Worker-4: Download sources and javadoc] INFO  o.e.m.j.internal.DownloadSourcesJob - Downloaded sources for org.apache.maven.shared:maven-shared-incremental:1.1
2020-06-17 23:21:20,023 [Worker-4: Download sources and javadoc] INFO  o.e.m.c.i.e.AbstractTransferListenerAdapter - Downloading https://repo.maven.apache.org/maven2/org/codehaus/plexus/plexus-java/0.9.10/plexus-java-0.9.10-sources.jar
2020-06-17 23:21:20,643 [Worker-4: Download sources and javadoc] INFO  o.e.m.c.i.e.AbstractTransferListenerAdapter - Downloaded https://repo.maven.apache.org/maven2/org/codehaus/plexus/plexus-java/0.9.10/plexus-java-0.9.10-sources.jar
2020-06-17 23:21:20,667 [Worker-4: Download sources and javadoc] INFO  o.e.m.j.internal.DownloadSourcesJob - Downloaded sources for org.codehaus.plexus:plexus-java:0.9.10
2020-06-17 23:21:22,218 [Worker-4: Download sources and javadoc] INFO  o.e.m.c.i.e.AbstractTransferListenerAdapter - Downloading https://repo.maven.apache.org/maven2/org/ow2/asm/asm/6.2/asm-6.2-sources.jar
2020-06-17 23:21:22,564 [Worker-12: Building] WARN  o.e.m.c.i.embedder.EclipseLogger - Using platform encoding (UTF-8 actually) to copy filtered resources, i.e. build is platform dependent!
2020-06-17 23:21:22,564 [Worker-12: Building] INFO  o.e.m.c.i.embedder.EclipseLogger - skip non existing resourceDirectory /home/user/eclipse-workspace/Coding_Assignment/src/main/resources
2020-06-17 23:21:22,566 [Worker-12: Building] WARN  o.e.m.c.i.embedder.EclipseLogger - Using platform encoding (UTF-8 actually) to copy filtered resources, i.e. build is platform dependent!
2020-06-17 23:21:22,567 [Worker-12: Building] INFO  o.e.m.c.i.embedder.EclipseLogger - skip non existing resourceDirectory /home/user/eclipse-workspace/Coding_Assignment/src/test/resources
2020-06-17 23:21:24,432 [Worker-4: Download sources and javadoc] INFO  o.e.m.c.i.e.AbstractTransferListenerAdapter - Downloaded https://repo.maven.apache.org/maven2/org/ow2/asm/asm/6.2/asm-6.2-sources.jar
2020-06-17 23:21:24,465 [Worker-4: Download sources and javadoc] INFO  o.e.m.j.internal.DownloadSourcesJob - Downloaded sources for org.ow2.asm:asm:6.2
2020-06-17 23:21:25,800 [Worker-4: Download sources and javadoc] INFO  o.e.m.c.i.e.AbstractTransferListenerAdapter - Downloading https://repo.maven.apache.org/maven2/com/thoughtworks/qdox/qdox/2.0-M8/qdox-2.0-M8-sources.jar
2020-06-17 23:21:27,736 [Worker-4: Download sources and javadoc] INFO  o.e.m.c.i.e.AbstractTransferListenerAdapter - Downloaded https://repo.maven.apache.org/maven2/com/thoughtworks/qdox/qdox/2.0-M8/qdox-2.0-M8-sources.jar
2020-06-17 23:21:27,788 [Worker-4: Download sources and javadoc] INFO  o.e.m.j.internal.DownloadSourcesJob - Downloaded sources for com.thoughtworks.qdox:qdox:2.0-M8
2020-06-17 23:21:29,232 [Worker-4: Download sources and javadoc] INFO  o.e.m.c.i.e.AbstractTransferListenerAdapter - Downloading https://repo.maven.apache.org/maven2/org/codehaus/plexus/plexus-compiler-api/2.8.4/plexus-compiler-api-2.8.4-sources.jar
2020-06-17 23:21:31,089 [Worker-4: Download sources and javadoc] INFO  o.e.m.c.i.e.AbstractTransferListenerAdapter - Downloaded https://repo.maven.apache.org/maven2/org/codehaus/plexus/plexus-compiler-api/2.8.4/plexus-compiler-api-2.8.4-sources.jar
2020-06-17 23:21:31,115 [Worker-4: Download sources and javadoc] INFO  o.e.m.j.internal.DownloadSourcesJob - Downloaded sources for org.codehaus.plexus:plexus-compiler-api:2.8.4
2020-06-17 23:21:32,374 [Worker-4: Download sources and javadoc] INFO  o.e.m.c.i.e.AbstractTransferListenerAdapter - Downloading https://repo.maven.apache.org/maven2/org/codehaus/plexus/plexus-compiler-manager/2.8.4/plexus-compiler-manager-2.8.4-sources.jar
2020-06-17 23:21:33,007 [Worker-4: Download sources and javadoc] INFO  o.e.m.c.i.e.AbstractTransferListenerAdapter - Downloaded https://repo.maven.apache.org/maven2/org/codehaus/plexus/plexus-compiler-manager/2.8.4/plexus-compiler-manager-2.8.4-sources.jar
2020-06-17 23:21:33,033 [Worker-4: Download sources and javadoc] INFO  o.e.m.j.internal.DownloadSourcesJob - Downloaded sources for org.codehaus.plexus:plexus-compiler-manager:2.8.4
2020-06-17 23:21:34,425 [Worker-4: Download sources and javadoc] INFO  o.e.m.c.i.e.AbstractTransferListenerAdapter - Downloading https://repo.maven.apache.org/maven2/org/codehaus/plexus/plexus-compiler-javac/2.8.4/plexus-compiler-javac-2.8.4-sources.jar
2020-06-17 23:21:35,129 [Worker-4: Download sources and javadoc] INFO  o.e.m.c.i.e.AbstractTransferListenerAdapter - Downloaded https://repo.maven.apache.org/maven2/org/codehaus/plexus/plexus-compiler-javac/2.8.4/plexus-compiler-javac-2.8.4-sources.jar
2020-06-17 23:21:35,153 [Worker-4: Download sources and javadoc] INFO  o.e.m.j.internal.DownloadSourcesJob - Downloaded sources for org.codehaus.plexus:plexus-compiler-javac:2.8.4
2020-06-17 23:21:36,405 [Worker-4: Download sources and javadoc] INFO  o.e.m.c.i.e.AbstractTransferListenerAdapter - Downloading https://repo.maven.apache.org/maven2/org/seleniumhq/selenium/selenium-java/4.0.0-alpha-5/selenium-java-4.0.0-alpha-5-sources.jar
2020-06-17 23:21:37,047 [Worker-4: Download sources and javadoc] INFO  o.e.m.c.i.e.AbstractTransferListenerAdapter - Downloaded https://repo.maven.apache.org/maven2/org/seleniumhq/selenium/selenium-java/4.0.0-alpha-5/selenium-java-4.0.0-alpha-5-sources.jar
2020-06-17 23:21:37,076 [Worker-4: Download sources and javadoc] INFO  o.e.m.j.internal.DownloadSourcesJob - Downloaded sources for org.seleniumhq.selenium:selenium-java:4.0.0-alpha-5
2020-06-17 23:21:38,386 [Worker-4: Download sources and javadoc] INFO  o.e.m.c.i.e.AbstractTransferListenerAdapter - Downloading https://repo.maven.apache.org/maven2/org/seleniumhq/selenium/selenium-api/4.0.0-alpha-5/selenium-api-4.0.0-alpha-5-sources.jar
2020-06-17 23:21:41,150 [Worker-4: Download sources and javadoc] INFO  o.e.m.c.i.e.AbstractTransferListenerAdapter - Downloaded https://repo.maven.apache.org/maven2/org/seleniumhq/selenium/selenium-api/4.0.0-alpha-5/selenium-api-4.0.0-alpha-5-sources.jar
2020-06-17 23:21:41,174 [Worker-4: Download sources and javadoc] INFO  o.e.m.j.internal.DownloadSourcesJob - Downloaded sources for org.seleniumhq.selenium:selenium-api:4.0.0-alpha-5
2020-06-17 23:21:42,645 [Worker-4: Download sources and javadoc] INFO  o.e.m.c.i.e.AbstractTransferListenerAdapter - Downloading https://repo.maven.apache.org/maven2/org/seleniumhq/selenium/selenium-chrome-driver/4.0.0-alpha-5/selenium-chrome-driver-4.0.0-alpha-5-sources.jar
2020-06-17 23:21:43,316 [Worker-4: Download sources and javadoc] INFO  o.e.m.c.i.e.AbstractTransferListenerAdapter - Downloaded https://repo.maven.apache.org/maven2/org/seleniumhq/selenium/selenium-chrome-driver/4.0.0-alpha-5/selenium-chrome-driver-4.0.0-alpha-5-sources.jar
2020-06-17 23:21:43,340 [Worker-4: Download sources and javadoc] INFO  o.e.m.j.internal.DownloadSourcesJob - Downloaded sources for org.seleniumhq.selenium:selenium-chrome-driver:4.0.0-alpha-5
2020-06-17 23:21:44,221 [Worker-10: Loading pom.xml] ERROR o.e.m.c.i.p.r.ProjectRegistryManager - Failed to read Maven project: Some problems were encountered while processing the POMs:
[FATAL] Non-readable POM /home/user/eclipse-workspace/Coding_Assignment/pom.xml: /home/user/eclipse-workspace/Coding_Assignment/pom.xml (No such file or directory) @ 

org.apache.maven.project.ProjectBuildingException: Some problems were encountered while processing the POMs:
[FATAL] Non-readable POM /home/user/eclipse-workspace/Coding_Assignment/pom.xml: /home/user/eclipse-workspace/Coding_Assignment/pom.xml (No such file or directory) @ 

	at org.eclipse.m2e.core.internal.embedder.MavenImpl.readMavenProjects(MavenImpl.java:675) ~[na:na]
	at org.eclipse.m2e.core.internal.project.registry.ProjectRegistryManager.lambda$13(ProjectRegistryManager.java:867) ~[na:na]
	at org.eclipse.m2e.core.internal.embedder.MavenExecutionContext.executeBare(MavenExecutionContext.java:179) ~[na:na]
	at org.eclipse.m2e.core.internal.embedder.MavenExecutionContext.execute(MavenExecutionContext.java:153) ~[na:na]
	at org.eclipse.m2e.core.internal.embedder.MavenExecutionContext.execute(MavenExecutionContext.java:101) ~[na:na]
	at org.eclipse.m2e.core.internal.project.registry.ProjectRegistryManager.execute(ProjectRegistryManager.java:1022) ~[na:na]
	at org.eclipse.m2e.core.internal.project.registry.ProjectRegistryManager.readProjectsWithDependencies(ProjectRegistryManager.java:863) ~[na:na]
	at org.eclipse.m2e.core.internal.project.registry.ProjectRegistryManager.create(ProjectRegistryManager.java:207) ~[na:na]
	at org.eclipse.m2e.core.internal.project.registry.MavenProjectManager.create(MavenProjectManager.java:81) ~[na:na]
	at org.eclipse.m2e.core.ui.internal.actions.SelectionUtil.getMavenProject(SelectionUtil.java:259) ~[org.eclipse.m2e.core.ui_1.16.0.20200514-1409.jar:na]
	at org.eclipse.m2e.editor.pom.MavenPomEditor.readMavenProject(MavenPomEditor.java:634) ~[na:na]
	at org.eclipse.m2e.editor.pom.DependencyTreePage$1.run(DependencyTreePage.java:218) ~[na:na]
	at org.eclipse.core.internal.jobs.Worker.run(Worker.java:63) ~[org.eclipse.core.jobs_3.10.800.v20200421-0950.jar:na]
2020-06-17 23:21:44,225 [Worker-10: Loading pom.xml] ERROR o.e.m.c.i.p.r.ProjectRegistryManager - Failed to read Maven project: Some problems were encountered while processing the POMs:
[FATAL] Non-readable POM /home/user/eclipse-workspace/Coding_Assignment/pom.xml: /home/user/eclipse-workspace/Coding_Assignment/pom.xml (No such file or directory) @ 

org.apache.maven.project.ProjectBuildingException: Some problems were encountered while processing the POMs:
[FATAL] Non-readable POM /home/user/eclipse-workspace/Coding_Assignment/pom.xml: /home/user/eclipse-workspace/Coding_Assignment/pom.xml (No such file or directory) @ 

	at org.eclipse.m2e.core.internal.embedder.MavenImpl.readMavenProjects(MavenImpl.java:675) ~[na:na]
	at org.eclipse.m2e.core.internal.project.registry.ProjectRegistryManager.lambda$13(ProjectRegistryManager.java:867) ~[na:na]
	at org.eclipse.m2e.core.internal.embedder.MavenExecutionContext.executeBare(MavenExecutionContext.java:179) ~[na:na]
	at org.eclipse.m2e.core.internal.embedder.MavenExecutionContext.execute(MavenExecutionContext.java:153) ~[na:na]
	at org.eclipse.m2e.core.internal.embedder.MavenExecutionContext.execute(MavenExecutionContext.java:101) ~[na:na]
	at org.eclipse.m2e.core.internal.project.registry.ProjectRegistryManager.execute(ProjectRegistryManager.java:1022) ~[na:na]
	at org.eclipse.m2e.core.internal.project.registry.ProjectRegistryManager.readProjectsWithDependencies(ProjectRegistryManager.java:863) ~[na:na]
	at org.eclipse.m2e.core.internal.project.registry.ProjectRegistryManager.create(ProjectRegistryManager.java:207) ~[na:na]
	at org.eclipse.m2e.core.internal.project.registry.MavenProjectManager.create(MavenProjectManager.java:81) ~[na:na]
	at org.eclipse.m2e.core.ui.internal.actions.SelectionUtil.getMavenProject(SelectionUtil.java:259) ~[org.eclipse.m2e.core.ui_1.16.0.20200514-1409.jar:na]
	at org.eclipse.m2e.editor.pom.MavenPomEditor.readMavenProject(MavenPomEditor.java:634) ~[na:na]
	at org.eclipse.m2e.editor.pom.MavenPomEditor.readDependencyTree(MavenPomEditor.java:578) ~[na:na]
	at org.eclipse.m2e.editor.pom.DependencyTreePage$1.run(DependencyTreePage.java:224) ~[na:na]
	at org.eclipse.core.internal.jobs.Worker.run(Worker.java:63) ~[org.eclipse.core.jobs_3.10.800.v20200421-0950.jar:na]
2020-06-17 23:21:44,584 [Worker-10: Loading pom.xml] ERROR o.e.m.c.embedder.MavenModelManager - Project read error
org.eclipse.aether.collection.DependencyCollectionException: Failed to collect dependencies at org.seleniumhq.selenium:selenium-java:jar:4.0.0-alpha-5 -> org.seleniumhq.selenium:selenium-chrome-driver:jar:4.0.0-alpha-5 -> com.google.auto.service:auto-service:jar:1.0-rc6 -> com.google.guava:guava:jar:27.0.1-jre
	at org.eclipse.aether.internal.impl.collect.DefaultDependencyCollector.collectDependencies(DefaultDependencyCollector.java:291) ~[maven-resolver-impl-1.4.1.jar:1.4.1]
	at org.eclipse.aether.internal.impl.DefaultRepositorySystem.collectDependencies(DefaultRepositorySystem.java:284) ~[maven-resolver-impl-1.4.1.jar:1.4.1]
	at org.eclipse.m2e.core.embedder.MavenModelManager.readDependencyTree(MavenModelManager.java:228) ~[na:na]
	at org.eclipse.m2e.core.embedder.MavenModelManager.lambda$0(MavenModelManager.java:187) ~[na:na]
	at org.eclipse.m2e.core.internal.embedder.MavenExecutionContext.executeBare(MavenExecutionContext.java:179) ~[na:na]
	at org.eclipse.m2e.core.internal.embedder.MavenExecutionContext.execute(MavenExecutionContext.java:153) ~[na:na]
	at org.eclipse.m2e.core.internal.embedder.MavenExecutionContext.execute(MavenExecutionContext.java:101) ~[na:na]
	at org.eclipse.m2e.core.internal.embedder.MavenImpl.execute(MavenImpl.java:1373) ~[na:na]
	at org.eclipse.m2e.core.embedder.MavenModelManager.readDependencyTree(MavenModelManager.java:189) ~[na:na]
	at org.eclipse.m2e.editor.pom.MavenPomEditor.readDependencyTree(MavenPomEditor.java:589) ~[na:na]
	at org.eclipse.m2e.editor.pom.DependencyTreePage$1.run(DependencyTreePage.java:224) ~[na:na]
	at org.eclipse.core.internal.jobs.Worker.run(Worker.java:63) ~[org.eclipse.core.jobs_3.10.800.v20200421-0950.jar:na]
Caused by: org.eclipse.aether.resolution.ArtifactDescriptorException: Failed to read artifact descriptor for com.google.guava:guava:jar:27.0.1-jre
	at org.apache.maven.repository.internal.DefaultArtifactDescriptorReader.loadPom(DefaultArtifactDescriptorReader.java:255) ~[maven-resolver-provider-3.6.3.jar:3.6.3]
	at org.apache.maven.repository.internal.DefaultArtifactDescriptorReader.readArtifactDescriptor(DefaultArtifactDescriptorReader.java:171) ~[maven-resolver-provider-3.6.3.jar:3.6.3]
	at org.eclipse.aether.internal.impl.collect.DefaultDependencyCollector.resolveCachedArtifactDescriptor(DefaultDependencyCollector.java:541) ~[maven-resolver-impl-1.4.1.jar:1.4.1]
	at org.eclipse.aether.internal.impl.collect.DefaultDependencyCollector.getArtifactDescriptorResult(DefaultDependencyCollector.java:524) ~[maven-resolver-impl-1.4.1.jar:1.4.1]
	at org.eclipse.aether.internal.impl.collect.DefaultDependencyCollector.processDependency(DefaultDependencyCollector.java:412) ~[maven-resolver-impl-1.4.1.jar:1.4.1]
	at org.eclipse.aether.internal.impl.collect.DefaultDependencyCollector.processDependency(DefaultDependencyCollector.java:365) ~[maven-resolver-impl-1.4.1.jar:1.4.1]
	at org.eclipse.aether.internal.impl.collect.DefaultDependencyCollector.process(DefaultDependencyCollector.java:352) ~[maven-resolver-impl-1.4.1.jar:1.4.1]
	at org.eclipse.aether.internal.impl.collect.DefaultDependencyCollector.doRecurse(DefaultDependencyCollector.java:509) ~[maven-resolver-impl-1.4.1.jar:1.4.1]
	at org.eclipse.aether.internal.impl.collect.DefaultDependencyCollector.processDependency(DefaultDependencyCollector.java:461) ~[maven-resolver-impl-1.4.1.jar:1.4.1]
	at org.eclipse.aether.internal.impl.collect.DefaultDependencyCollector.processDependency(DefaultDependencyCollector.java:365) ~[maven-resolver-impl-1.4.1.jar:1.4.1]
	at org.eclipse.aether.internal.impl.collect.DefaultDependencyCollector.process(DefaultDependencyCollector.java:352) ~[maven-resolver-impl-1.4.1.jar:1.4.1]
	at org.eclipse.aether.internal.impl.collect.DefaultDependencyCollector.doRecurse(DefaultDependencyCollector.java:509) ~[maven-resolver-impl-1.4.1.jar:1.4.1]
	at org.eclipse.aether.internal.impl.collect.DefaultDependencyCollector.processDependency(DefaultDependencyCollector.java:461) ~[maven-resolver-impl-1.4.1.jar:1.4.1]
	at org.eclipse.aether.internal.impl.collect.DefaultDependencyCollector.processDependency(DefaultDependencyCollector.java:365) ~[maven-resolver-impl-1.4.1.jar:1.4.1]
	at org.eclipse.aether.internal.impl.collect.DefaultDependencyCollector.process(DefaultDependencyCollector.java:352) ~[maven-resolver-impl-1.4.1.jar:1.4.1]
	at org.eclipse.aether.internal.impl.collect.DefaultDependencyCollector.doRecurse(DefaultDependencyCollector.java:509) ~[maven-resolver-impl-1.4.1.jar:1.4.1]
	at org.eclipse.aether.internal.impl.collect.DefaultDependencyCollector.processDependency(DefaultDependencyCollector.java:461) ~[maven-resolver-impl-1.4.1.jar:1.4.1]
	at org.eclipse.aether.internal.impl.collect.DefaultDependencyCollector.processDependency(DefaultDependencyCollector.java:365) ~[maven-resolver-impl-1.4.1.jar:1.4.1]
	at org.eclipse.aether.internal.impl.collect.DefaultDependencyCollector.process(DefaultDependencyCollector.java:352) ~[maven-resolver-impl-1.4.1.jar:1.4.1]
	at org.eclipse.aether.internal.impl.collect.DefaultDependencyCollector.collectDependencies(DefaultDependencyCollector.java:254) ~[maven-resolver-impl-1.4.1.jar:1.4.1]
	... 11 common frames omitted
Caused by: org.eclipse.aether.resolution.ArtifactResolutionException: Failure to transfer com.google.guava:guava:pom:27.0.1-jre from https://repo.maven.apache.org/maven2 was cached in the local repository, resolution will not be reattempted until the update interval of central has elapsed or updates are forced. Original error: Could not transfer artifact com.google.guava:guava:pom:27.0.1-jre from/to central (https://repo.maven.apache.org/maven2): Transfer failed for https://repo.maven.apache.org/maven2/com/google/guava/guava/27.0.1-jre/guava-27.0.1-jre.pom
	at org.eclipse.aether.internal.impl.DefaultArtifactResolver.resolve(DefaultArtifactResolver.java:424) ~[maven-resolver-impl-1.4.1.jar:1.4.1]
	at org.eclipse.aether.internal.impl.DefaultArtifactResolver.resolveArtifacts(DefaultArtifactResolver.java:229) ~[maven-resolver-impl-1.4.1.jar:1.4.1]
	at org.eclipse.aether.internal.impl.DefaultArtifactResolver.resolveArtifact(DefaultArtifactResolver.java:207) ~[maven-resolver-impl-1.4.1.jar:1.4.1]
	at org.apache.maven.repository.internal.DefaultArtifactDescriptorReader.loadPom(DefaultArtifactDescriptorReader.java:240) ~[maven-resolver-provider-3.6.3.jar:3.6.3]
	... 30 common frames omitted
Caused by: org.eclipse.aether.transfer.ArtifactTransferException: Failure to transfer com.google.guava:guava:pom:27.0.1-jre from https://repo.maven.apache.org/maven2 was cached in the local repository, resolution will not be reattempted until the update interval of central has elapsed or updates are forced. Original error: Could not transfer artifact com.google.guava:guava:pom:27.0.1-jre from/to central (https://repo.maven.apache.org/maven2): Transfer failed for https://repo.maven.apache.org/maven2/com/google/guava/guava/27.0.1-jre/guava-27.0.1-jre.pom
	at org.eclipse.aether.internal.impl.DefaultUpdateCheckManager.newException(DefaultUpdateCheckManager.java:225) ~[maven-resolver-impl-1.4.1.jar:1.4.1]
	at org.eclipse.aether.internal.impl.DefaultUpdateCheckManager.checkArtifact(DefaultUpdateCheckManager.java:193) ~[maven-resolver-impl-1.4.1.jar:1.4.1]
	at org.eclipse.aether.internal.impl.DefaultArtifactResolver.gatherDownloads(DefaultArtifactResolver.java:559) ~[maven-resolver-impl-1.4.1.jar:1.4.1]
	at org.eclipse.aether.internal.impl.DefaultArtifactResolver.performDownloads(DefaultArtifactResolver.java:483) ~[maven-resolver-impl-1.4.1.jar:1.4.1]
	at org.eclipse.aether.internal.impl.DefaultArtifactResolver.resolve(DefaultArtifactResolver.java:401) ~[maven-resolver-impl-1.4.1.jar:1.4.1]
	... 33 common frames omitted
2020-06-17 23:21:44,587 [Worker-10: Loading pom.xml] ERROR o.e.m.editor.pom.DependencyTreePage - Project read error
org.eclipse.core.runtime.CoreException: Project read error
	at org.eclipse.m2e.core.embedder.MavenModelManager.readDependencyTree(MavenModelManager.java:232) ~[na:na]
	at org.eclipse.m2e.core.embedder.MavenModelManager.lambda$0(MavenModelManager.java:187) ~[na:na]
	at org.eclipse.m2e.core.internal.embedder.MavenExecutionContext.executeBare(MavenExecutionContext.java:179) ~[na:na]
	at org.eclipse.m2e.core.internal.embedder.MavenExecutionContext.execute(MavenExecutionContext.java:153) ~[na:na]
	at org.eclipse.m2e.core.internal.embedder.MavenExecutionContext.execute(MavenExecutionContext.java:101) ~[na:na]
	at org.eclipse.m2e.core.internal.embedder.MavenImpl.execute(MavenImpl.java:1373) ~[na:na]
	at org.eclipse.m2e.core.embedder.MavenModelManager.readDependencyTree(MavenModelManager.java:189) ~[na:na]
	at org.eclipse.m2e.editor.pom.MavenPomEditor.readDependencyTree(MavenPomEditor.java:589) ~[na:na]
	at org.eclipse.m2e.editor.pom.DependencyTreePage$1.run(DependencyTreePage.java:224) ~[na:na]
	at org.eclipse.core.internal.jobs.Worker.run(Worker.java:63) ~[org.eclipse.core.jobs_3.10.800.v20200421-0950.jar:na]
Caused by: org.eclipse.aether.collection.DependencyCollectionException: Failed to collect dependencies at org.seleniumhq.selenium:selenium-java:jar:4.0.0-alpha-5 -> org.seleniumhq.selenium:selenium-chrome-driver:jar:4.0.0-alpha-5 -> com.google.auto.service:auto-service:jar:1.0-rc6 -> com.google.guava:guava:jar:27.0.1-jre
	at org.eclipse.aether.internal.impl.collect.DefaultDependencyCollector.collectDependencies(DefaultDependencyCollector.java:291) ~[na:na]
	at org.eclipse.aether.internal.impl.DefaultRepositorySystem.collectDependencies(DefaultRepositorySystem.java:284) ~[na:na]
	at org.eclipse.m2e.core.embedder.MavenModelManager.readDependencyTree(MavenModelManager.java:228) ~[na:na]
	... 9 common frames omitted
Caused by: org.eclipse.aether.resolution.ArtifactDescriptorException: Failed to read artifact descriptor for com.google.guava:guava:jar:27.0.1-jre
	at org.apache.maven.repository.internal.DefaultArtifactDescriptorReader.loadPom(DefaultArtifactDescriptorReader.java:255) ~[na:na]
	at org.apache.maven.repository.internal.DefaultArtifactDescriptorReader.readArtifactDescriptor(DefaultArtifactDescriptorReader.java:171) ~[na:na]
	at org.eclipse.aether.internal.impl.collect.DefaultDependencyCollector.resolveCachedArtifactDescriptor(DefaultDependencyCollector.java:541) ~[na:na]
	at org.eclipse.aether.internal.impl.collect.DefaultDependencyCollector.getArtifactDescriptorResult(DefaultDependencyCollector.java:524) ~[na:na]
	at org.eclipse.aether.internal.impl.collect.DefaultDependencyCollector.processDependency(DefaultDependencyCollector.java:412) ~[na:na]
	at org.eclipse.aether.internal.impl.collect.DefaultDependencyCollector.processDependency(DefaultDependencyCollector.java:365) ~[na:na]
	at org.eclipse.aether.internal.impl.collect.DefaultDependencyCollector.process(DefaultDependencyCollector.java:352) ~[na:na]
	at org.eclipse.aether.internal.impl.collect.DefaultDependencyCollector.doRecurse(DefaultDependencyCollector.java:509) ~[na:na]
	at org.eclipse.aether.internal.impl.collect.DefaultDependencyCollector.processDependency(DefaultDependencyCollector.java:461) ~[na:na]
	at org.eclipse.aether.internal.impl.collect.DefaultDependencyCollector.processDependency(DefaultDependencyCollector.java:365) ~[na:na]
	at org.eclipse.aether.internal.impl.collect.DefaultDependencyCollector.process(DefaultDependencyCollector.java:352) ~[na:na]
	at org.eclipse.aether.internal.impl.collect.DefaultDependencyCollector.doRecurse(DefaultDependencyCollector.java:509) ~[na:na]
	at org.eclipse.aether.internal.impl.collect.DefaultDependencyCollector.processDependency(DefaultDependencyCollector.java:461) ~[na:na]
	at org.eclipse.aether.internal.impl.collect.DefaultDependencyCollector.processDependency(DefaultDependencyCollector.java:365) ~[na:na]
	at org.eclipse.aether.internal.impl.collect.DefaultDependencyCollector.process(DefaultDependencyCollector.java:352) ~[na:na]
	at org.eclipse.aether.internal.impl.collect.DefaultDependencyCollector.doRecurse(DefaultDependencyCollector.java:509) ~[na:na]
	at org.eclipse.aether.internal.impl.collect.DefaultDependencyCollector.processDependency(DefaultDependencyCollector.java:461) ~[na:na]
	at org.eclipse.aether.internal.impl.collect.DefaultDependencyCollector.processDependency(DefaultDependencyCollector.java:365) ~[na:na]
	at org.eclipse.aether.internal.impl.collect.DefaultDependencyCollector.process(DefaultDependencyCollector.java:352) ~[na:na]
	at org.eclipse.aether.internal.impl.collect.DefaultDependencyCollector.collectDependencies(DefaultDependencyCollector.java:254) ~[na:na]
	... 11 common frames omitted
Caused by: org.eclipse.aether.resolution.ArtifactResolutionException: Failure to transfer com.google.guava:guava:pom:27.0.1-jre from https://repo.maven.apache.org/maven2 was cached in the local repository, resolution will not be reattempted until the update interval of central has elapsed or updates are forced. Original error: Could not transfer artifact com.google.guava:guava:pom:27.0.1-jre from/to central (https://repo.maven.apache.org/maven2): Transfer failed for https://repo.maven.apache.org/maven2/com/google/guava/guava/27.0.1-jre/guava-27.0.1-jre.pom
	at org.eclipse.aether.internal.impl.DefaultArtifactResolver.resolve(DefaultArtifactResolver.java:424) ~[na:na]
	at org.eclipse.aether.internal.impl.DefaultArtifactResolver.resolveArtifacts(DefaultArtifactResolver.java:229) ~[na:na]
	at org.eclipse.aether.internal.impl.DefaultArtifactResolver.resolveArtifact(DefaultArtifactResolver.java:207) ~[na:na]
	at org.apache.maven.repository.internal.DefaultArtifactDescriptorReader.loadPom(DefaultArtifactDescriptorReader.java:240) ~[na:na]
	... 30 common frames omitted
Caused by: org.eclipse.aether.transfer.ArtifactTransferException: Failure to transfer com.google.guava:guava:pom:27.0.1-jre from https://repo.maven.apache.org/maven2 was cached in the local repository, resolution will not be reattempted until the update interval of central has elapsed or updates are forced. Original error: Could not transfer artifact com.google.guava:guava:pom:27.0.1-jre from/to central (https://repo.maven.apache.org/maven2): Transfer failed for https://repo.maven.apache.org/maven2/com/google/guava/guava/27.0.1-jre/guava-27.0.1-jre.pom
	at org.eclipse.aether.internal.impl.DefaultUpdateCheckManager.newException(DefaultUpdateCheckManager.java:225) ~[na:na]
	at org.eclipse.aether.internal.impl.DefaultUpdateCheckManager.checkArtifact(DefaultUpdateCheckManager.java:193) ~[na:na]
	at org.eclipse.aether.internal.impl.DefaultArtifactResolver.gatherDownloads(DefaultArtifactResolver.java:559) ~[na:na]
	at org.eclipse.aether.internal.impl.DefaultArtifactResolver.performDownloads(DefaultArtifactResolver.java:483) ~[na:na]
	at org.eclipse.aether.internal.impl.DefaultArtifactResolver.resolve(DefaultArtifactResolver.java:401) ~[na:na]
	... 33 common frames omitted
2020-06-17 23:21:44,651 [Worker-4: Download sources and javadoc] INFO  o.e.m.c.i.e.AbstractTransferListenerAdapter - Downloading https://repo.maven.apache.org/maven2/com/google/auto/service/auto-service-annotations/1.0-rc6/auto-service-annotations-1.0-rc6-sources.jar
2020-06-17 23:21:45,308 [Worker-4: Download sources and javadoc] INFO  o.e.m.c.i.e.AbstractTransferListenerAdapter - Downloaded https://repo.maven.apache.org/maven2/com/google/auto/service/auto-service-annotations/1.0-rc6/auto-service-annotations-1.0-rc6-sources.jar
2020-06-17 23:21:45,336 [Worker-4: Download sources and javadoc] INFO  o.e.m.j.internal.DownloadSourcesJob - Downloaded sources for com.google.auto.service:auto-service-annotations:1.0-rc6
2020-06-17 23:21:46,627 [Worker-4: Download sources and javadoc] INFO  o.e.m.c.i.e.AbstractTransferListenerAdapter - Downloading https://repo.maven.apache.org/maven2/com/google/auto/service/auto-service/1.0-rc6/auto-service-1.0-rc6-sources.jar
2020-06-17 23:21:47,299 [Worker-4: Download sources and javadoc] INFO  o.e.m.c.i.e.AbstractTransferListenerAdapter - Downloaded https://repo.maven.apache.org/maven2/com/google/auto/service/auto-service/1.0-rc6/auto-service-1.0-rc6-sources.jar
2020-06-17 23:21:47,324 [Worker-4: Download sources and javadoc] INFO  o.e.m.j.internal.DownloadSourcesJob - Downloaded sources for com.google.auto.service:auto-service:1.0-rc6
2020-06-17 23:21:47,324 [Worker-4: Download sources and javadoc] WARN  o.e.m.j.internal.DownloadSourcesJob - IPackageFragmentRoot is missing, skipping javadoc/source attachment for project P/Coding_Assignment
2020-06-17 23:21:48,575 [Worker-4: Download sources and javadoc] INFO  o.e.m.c.i.e.AbstractTransferListenerAdapter - Downloading https://repo.maven.apache.org/maven2/com/google/auto/auto-common/0.10/auto-common-0.10-sources.jar
2020-06-17 23:21:49,629 [Worker-4: Download sources and javadoc] INFO  o.e.m.c.i.e.AbstractTransferListenerAdapter - Downloaded https://repo.maven.apache.org/maven2/com/google/auto/auto-common/0.10/auto-common-0.10-sources.jar
2020-06-17 23:21:49,660 [Worker-4: Download sources and javadoc] INFO  o.e.m.j.internal.DownloadSourcesJob - Downloaded sources for com.google.auto:auto-common:0.10
2020-06-17 23:21:49,660 [Worker-4: Download sources and javadoc] WARN  o.e.m.j.internal.DownloadSourcesJob - IPackageFragmentRoot is missing, skipping javadoc/source attachment for project P/Coding_Assignment
2020-06-17 23:21:50,919 [Worker-4: Download sources and javadoc] INFO  o.e.m.c.i.e.AbstractTransferListenerAdapter - Downloading https://repo.maven.apache.org/maven2/com/google/guava/guava/28.2-jre/guava-28.2-jre-sources.jar
2020-06-17 23:21:53,746 [Worker-4: Download sources and javadoc] INFO  o.e.m.c.i.e.AbstractTransferListenerAdapter - Downloaded https://repo.maven.apache.org/maven2/com/google/guava/guava/28.2-jre/guava-28.2-jre-sources.jar
2020-06-17 23:21:53,749 [Worker-4: Download sources and javadoc] ERROR o.e.m.j.internal.DownloadSourcesJob - Could not download sources for com.google.guava:guava:28.2-jre
org.eclipse.core.runtime.CoreException: Could not resolve artifact com.google.guava:guava:jar:sources:28.2-jre
	at org.eclipse.m2e.core.internal.embedder.MavenImpl.lambda$4(MavenImpl.java:803) ~[na:na]
	at org.eclipse.m2e.core.internal.embedder.MavenExecutionContext.executeBare(MavenExecutionContext.java:179) ~[na:na]
	at org.eclipse.m2e.core.internal.embedder.MavenExecutionContext.execute(MavenExecutionContext.java:114) ~[na:na]
	at org.eclipse.m2e.core.internal.embedder.MavenExecutionContext.execute(MavenExecutionContext.java:101) ~[na:na]
	at org.eclipse.m2e.core.internal.embedder.MavenImpl.resolve(MavenImpl.java:771) ~[na:na]
	at org.eclipse.m2e.core.internal.embedder.MavenImpl.resolve(MavenImpl.java:748) ~[na:na]
	at org.eclipse.m2e.jdt.internal.DownloadSourcesJob.download(DownloadSourcesJob.java:330) ~[na:na]
	at org.eclipse.m2e.jdt.internal.DownloadSourcesJob.downloadAttachments(DownloadSourcesJob.java:304) ~[na:na]
	at org.eclipse.m2e.jdt.internal.DownloadSourcesJob.downloadFilesAndPopulateToUpdate(DownloadSourcesJob.java:241) ~[na:na]
	at org.eclipse.m2e.jdt.internal.DownloadSourcesJob.lambda$0(DownloadSourcesJob.java:161) ~[na:na]
	at org.eclipse.m2e.core.internal.embedder.MavenExecutionContext.executeBare(MavenExecutionContext.java:179) ~[na:na]
	at org.eclipse.m2e.core.internal.embedder.MavenExecutionContext.execute(MavenExecutionContext.java:153) ~[na:na]
	at org.eclipse.m2e.core.internal.embedder.MavenExecutionContext.execute(MavenExecutionContext.java:101) ~[na:na]
	at org.eclipse.m2e.core.internal.embedder.MavenImpl.execute(MavenImpl.java:1373) ~[na:na]
	at org.eclipse.m2e.jdt.internal.DownloadSourcesJob.run(DownloadSourcesJob.java:161) ~[na:na]
	at org.eclipse.core.internal.jobs.Worker.run(Worker.java:63) ~[org.eclipse.core.jobs_3.10.800.v20200421-0950.jar:na]
2020-06-17 23:21:53,750 [Worker-4: Download sources and javadoc] WARN  o.e.m.j.internal.DownloadSourcesJob - IPackageFragmentRoot is missing, skipping javadoc/source attachment for project P/Coding_Assignment
2020-06-18 14:17:37,364 [Worker-2: Loading available Gradle versions] INFO  o.e.b.c.i.u.g.PublishedGradleVersions - Gradle version information cache is up-to-date. Trying to read.
2020-06-18 14:17:37,960 [Worker-5: reload maven project] ERROR o.e.m.c.i.p.r.ProjectRegistryManager - Failed to read Maven project: Some problems were encountered while processing the POMs:
[FATAL] Non-readable POM /home/user/eclipse-workspace/Coding_Assignment/pom.xml: /home/user/eclipse-workspace/Coding_Assignment/pom.xml (No such file or directory) @ 

org.apache.maven.project.ProjectBuildingException: Some problems were encountered while processing the POMs:
[FATAL] Non-readable POM /home/user/eclipse-workspace/Coding_Assignment/pom.xml: /home/user/eclipse-workspace/Coding_Assignment/pom.xml (No such file or directory) @ 

	at org.eclipse.m2e.core.internal.embedder.MavenImpl.readMavenProjects(MavenImpl.java:675) ~[na:na]
	at org.eclipse.m2e.core.internal.project.registry.ProjectRegistryManager.lambda$13(ProjectRegistryManager.java:867) ~[na:na]
	at org.eclipse.m2e.core.internal.embedder.MavenExecutionContext.executeBare(MavenExecutionContext.java:179) ~[na:na]
	at org.eclipse.m2e.core.internal.embedder.MavenExecutionContext.execute(MavenExecutionContext.java:153) ~[na:na]
	at org.eclipse.m2e.core.internal.embedder.MavenExecutionContext.execute(MavenExecutionContext.java:101) ~[na:na]
	at org.eclipse.m2e.core.internal.project.registry.ProjectRegistryManager.execute(ProjectRegistryManager.java:1022) ~[na:na]
	at org.eclipse.m2e.core.internal.project.registry.ProjectRegistryManager.readProjectsWithDependencies(ProjectRegistryManager.java:863) ~[na:na]
	at org.eclipse.m2e.core.internal.project.registry.ProjectRegistryManager.create(ProjectRegistryManager.java:207) ~[na:na]
	at org.eclipse.m2e.core.internal.project.registry.MavenProjectManager.create(MavenProjectManager.java:81) ~[na:na]
	at org.eclipse.m2e.core.ui.internal.actions.SelectionUtil.getMavenProject(SelectionUtil.java:259) ~[org.eclipse.m2e.core.ui_1.16.0.20200514-1409.jar:na]
	at org.eclipse.m2e.editor.pom.MavenPomEditor.readMavenProject(MavenPomEditor.java:634) ~[na:na]
	at org.eclipse.m2e.editor.pom.MavenPomEditor$3.run(MavenPomEditor.java:938) ~[na:na]
	at org.eclipse.core.internal.jobs.Worker.run(Worker.java:63) ~[org.eclipse.core.jobs_3.10.800.v20200421-0950.jar:na]
2020-06-18 14:20:16,203 [Worker-12: reload maven project] ERROR o.e.m.c.i.p.r.ProjectRegistryManager - Failed to read Maven project: Some problems were encountered while processing the POMs:
[FATAL] Non-resolvable parent POM for Assignment:CodingAssignment:0.0.1-SNAPSHOT: Could not find artifact Assignment:Coding_Assignment:pom:0.0.1-SNAPSHOT and 'parent.relativePath' points at wrong local POM @ line 3, column 11

org.apache.maven.project.ProjectBuildingException: Some problems were encountered while processing the POMs:
[FATAL] Non-resolvable parent POM for Assignment:CodingAssignment:0.0.1-SNAPSHOT: Could not find artifact Assignment:Coding_Assignment:pom:0.0.1-SNAPSHOT and 'parent.relativePath' points at wrong local POM @ line 3, column 11

	at org.eclipse.m2e.core.internal.embedder.MavenImpl.readMavenProjects(MavenImpl.java:675) ~[na:na]
	at org.eclipse.m2e.core.internal.project.registry.ProjectRegistryManager.lambda$13(ProjectRegistryManager.java:867) ~[na:na]
	at org.eclipse.m2e.core.internal.embedder.MavenExecutionContext.executeBare(MavenExecutionContext.java:179) ~[na:na]
	at org.eclipse.m2e.core.internal.embedder.MavenExecutionContext.execute(MavenExecutionContext.java:153) ~[na:na]
	at org.eclipse.m2e.core.internal.embedder.MavenExecutionContext.execute(MavenExecutionContext.java:101) ~[na:na]
	at org.eclipse.m2e.core.internal.project.registry.ProjectRegistryManager.execute(ProjectRegistryManager.java:1022) ~[na:na]
	at org.eclipse.m2e.core.internal.project.registry.ProjectRegistryManager.readProjectsWithDependencies(ProjectRegistryManager.java:863) ~[na:na]
	at org.eclipse.m2e.core.internal.project.registry.ProjectRegistryManager.create(ProjectRegistryManager.java:207) ~[na:na]
	at org.eclipse.m2e.core.internal.project.registry.MavenProjectManager.create(MavenProjectManager.java:81) ~[na:na]
	at org.eclipse.m2e.core.ui.internal.actions.SelectionUtil.getMavenProject(SelectionUtil.java:259) ~[org.eclipse.m2e.core.ui_1.16.0.20200514-1409.jar:na]
	at org.eclipse.m2e.editor.pom.MavenPomEditor.readMavenProject(MavenPomEditor.java:634) ~[na:na]
	at org.eclipse.m2e.editor.pom.MavenPomEditor$3.run(MavenPomEditor.java:938) ~[na:na]
	at org.eclipse.core.internal.jobs.Worker.run(Worker.java:63) ~[org.eclipse.core.jobs_3.10.800.v20200421-0950.jar:na]
